Using pre-set license
Built from '2020.3/release' branch; Version is '2020.3.12f1 (b3b2c6512326) revision 11776710'; Using compiler version '192528614'; Build Type 'Release'
OS: 'Windows 10 Home; OS build 19043.1110; Version 2009; 64bit' Language: 'en' Physical Memory: 40882 MB
BatchMode: 1, IsHumanControllingUs: 0, StartBugReporterOnCrash: 0, Is64bit: 1, IsPro: 0

 COMMAND LINE ARGUMENTS:
C:\Program Files\Unity\Hub\Editor\2020.3.12f1\Editor\Unity.exe
-adb2
-batchMode
-noUpm
-name
AssetImportWorker0
-projectPath
C:/UnityProjects/3PointMortar
-logFile
Logs/AssetImportWorker0.log
-srvPort
54596
Successfully changed project path to: C:/UnityProjects/3PointMortar
C:/UnityProjects/3PointMortar
Using Asset Import Pipeline V2.
Refreshing native plugins compatible for Editor in 53.78 ms, found 2 plugins.
Preloading 0 native plugins for Editor in 0.00 ms.
Initialize engine version: 2020.3.12f1 (b3b2c6512326)
[Subsystems] Discovering subsystems at path C:/Program Files/Unity/Hub/Editor/2020.3.12f1/Editor/Data/Resources/UnitySubsystems
[Subsystems] Discovering subsystems at path C:/UnityProjects/3PointMortar/Assets
GfxDevice: creating device client; threaded=0
Direct3D:
    Version:  Direct3D 11.0 [level 11.1]
    Renderer: NVIDIA GeForce GTX 1060 6GB (ID=0x1c03)
    Vendor:   
    VRAM:     6052 MB
    Driver:   27.21.14.5671
Initialize mono
Mono path[0] = 'C:/Program Files/Unity/Hub/Editor/2020.3.12f1/Editor/Data/Managed'
Mono path[1] = 'C:/Program Files/Unity/Hub/Editor/2020.3.12f1/Editor/Data/MonoBleedingEdge/lib/mono/unityjit'
Mono config path = 'C:/Program Files/Unity/Hub/Editor/2020.3.12f1/Editor/Data/MonoBleedingEdge/etc'
Using monoOptions --debugger-agent=transport=dt_socket,embedding=1,server=y,suspend=n,address=127.0.0.1:56428
Begin MonoManager ReloadAssembly
Registering precompiled unity dll's ...
Register platform support module: C:/Program Files/Unity/Hub/Editor/2020.3.12f1/Editor/Data/PlaybackEngines/WindowsStandaloneSupport/UnityEditor.WindowsStandalone.Extensions.dll
Registered in 0.002128 seconds.
Native extension for WindowsStandalone target not found
Refreshing native plugins compatible for Editor in 48.97 ms, found 2 plugins.
Preloading 0 native plugins for Editor in 0.00 ms.
Mono: successfully reloaded assembly
- Completed reload, in  1.274 seconds
Platform modules already initialized, skipping
Registering precompiled user dll's ...
Registered in 0.006115 seconds.
Begin MonoManager ReloadAssembly
Native extension for WindowsStandalone target not found
Refreshing native plugins compatible for Editor in 0.60 ms, found 2 plugins.
Preloading 0 native plugins for Editor in 0.00 ms.
Mono: successfully reloaded assembly
- Completed reload, in  1.142 seconds
Platform modules already initialized, skipping
========================================================================
Worker process is ready to serve import requests
Launched and connected shader compiler UnityShaderCompiler.exe after 0.18 seconds
Refreshing native plugins compatible for Editor in 1.20 ms, found 2 plugins.
Preloading 0 native plugins for Editor in 0.00 ms.
Unloading 1984 Unused Serialized files (Serialized files now loaded: 0)
System memory in use before: 95.9 MB.
System memory in use after: 96.0 MB.

Unloading 58 unused Assets to reduce memory usage. Loaded Objects now: 2407.
Total: 22.258400 ms (FindLiveObjects: 0.577500 ms CreateObjectMapping: 0.212700 ms MarkObjects: 21.305800 ms  DeleteObjects: 0.160400 ms)

AssetImportParameters requested are different than current active one (requested -> active):
  custom:framework-win-MediaFoundation: 216162199b28c13a410421893ffa2e32 -> 
  custom:video-decoder-ogg-theora: a1e56fd34408186e4bbccfd4996cb3dc -> 
  custom:container-muxer-webm: aa71ff27fc2769a1b78a27578f13a17b -> 
  custom:container-demuxer-webm: 4f35f7cbe854078d1ac9338744f61a02 -> 
  custom:container-demuxer-ogg: 62fdf1f143b41e24485cea50d1cbac27 -> 
  custom:video-encoder-webm-vp8: eb34c28f22e8b96e1ab97ce403110664 -> 
  custom:video-codec-MediaFoundation-h265: 746d11721c4dcdbdad8f713fa42b33f4 -> 
  custom:video-decoder-webm-vp8: 9c59270c3fd7afecdb556c50c9e8de78 -> 
  custom:audio-decoder-ogg-vorbis: bf7c407c2cedff20999df2af8eb42d56 -> 
  custom:audio-encoder-webm-vorbis: bf7c407c2cedff20999df2af8eb42d56 -> 
========================================================================
Received Import Request.
  path: Assets/Scripts/Explosion.cs
  artifactKey: Guid(e25ec470fcd1dbb48913827ffc28c017) Importer(815301076,1909f56bfc062723c751e8b465ee728b)
Start importing Assets/Scripts/Explosion.cs using Guid(e25ec470fcd1dbb48913827ffc28c017) Importer(815301076,1909f56bfc062723c751e8b465ee728b)  -> (artifact id: '0c6b080c3692df3d54a97e5431c69618') in 0.072710 seconds 
  Import took 0.077267 seconds .

========================================================================
Received Import Request.
  Time since last request: 1973.791179 seconds.
  path: Assets/_TerrainAutoUpgrade
  artifactKey: Guid(1a859eb31cad51f45a2d2fc98811fc16) Importer(815301076,1909f56bfc062723c751e8b465ee728b)
Start importing Assets/_TerrainAutoUpgrade using Guid(1a859eb31cad51f45a2d2fc98811fc16) Importer(815301076,1909f56bfc062723c751e8b465ee728b)  -> (artifact id: '43efec88edc16cbfdd745551aee410ce') in 0.006169 seconds 
  Import took 0.012768 seconds .

========================================================================
Received Import Request.
  Time since last request: 4.470974 seconds.
  path: Assets/Animations
  artifactKey: Guid(ea1fac72abecc544eaa752d3b63c7292) Importer(815301076,1909f56bfc062723c751e8b465ee728b)
Start importing Assets/Animations using Guid(ea1fac72abecc544eaa752d3b63c7292) Importer(815301076,1909f56bfc062723c751e8b465ee728b)  -> (artifact id: '78ecde8083b5119b8cb73778cb1b4912') in 0.004924 seconds 
  Import took 0.007720 seconds .

========================================================================
Received Import Request.
  Time since last request: 2.489351 seconds.
  path: Assets/ErbGameArt
  artifactKey: Guid(d2812698682be7342865db6af68b71ec) Importer(815301076,1909f56bfc062723c751e8b465ee728b)
Start importing Assets/ErbGameArt using Guid(d2812698682be7342865db6af68b71ec) Importer(815301076,1909f56bfc062723c751e8b465ee728b)  -> (artifact id: '09d1328917079fe77c246f4c543cc54f') in 0.005641 seconds 
  Import took 0.008282 seconds .

========================================================================
Received Import Request.
  Time since last request: 1.741309 seconds.
  path: Assets/Fonts
  artifactKey: Guid(c11d96e771304ea43a27cd080aceafe6) Importer(815301076,1909f56bfc062723c751e8b465ee728b)
Start importing Assets/Fonts using Guid(c11d96e771304ea43a27cd080aceafe6) Importer(815301076,1909f56bfc062723c751e8b465ee728b)  -> (artifact id: 'b7908decfe3841f511dc84c64941bcf1') in 0.005621 seconds 
  Import took 0.008814 seconds .

========================================================================
Received Import Request.
  Time since last request: 1.697756 seconds.
  path: Assets/Game
  artifactKey: Guid(fbfbc02d7d788e042ada03ff61236fcf) Importer(815301076,1909f56bfc062723c751e8b465ee728b)
Start importing Assets/Game using Guid(fbfbc02d7d788e042ada03ff61236fcf) Importer(815301076,1909f56bfc062723c751e8b465ee728b)  -> (artifact id: '5a7ef08eb5429af3d11a6f2fde3cd2b3') in 0.005823 seconds 
  Import took 0.008493 seconds .

========================================================================
Received Import Request.
  Time since last request: 2.032193 seconds.
  path: Assets/Materials
  artifactKey: Guid(169b03d39b0909143a1548e0c75264e0) Importer(815301076,1909f56bfc062723c751e8b465ee728b)
Start importing Assets/Materials using Guid(169b03d39b0909143a1548e0c75264e0) Importer(815301076,1909f56bfc062723c751e8b465ee728b)  -> (artifact id: '1a87ecddc1325eddeb93441bfab738d9') in 0.005099 seconds 
  Import took 0.007667 seconds .

========================================================================
Received Import Request.
  Time since last request: 583.317965 seconds.
  path: Assets/Standard Assets
  artifactKey: Guid(c6195a43a0187a34e9c6be23520d3766) Importer(815301076,1909f56bfc062723c751e8b465ee728b)
Start importing Assets/Standard Assets using Guid(c6195a43a0187a34e9c6be23520d3766) Importer(815301076,1909f56bfc062723c751e8b465ee728b)  -> (artifact id: '4ec5e0483a686bb121869a0f691033bb') in 0.005937 seconds 
  Import took 0.009289 seconds .

========================================================================
Received Import Request.
  Time since last request: 1.317555 seconds.
  path: Assets/Standard Assets/Environment
  artifactKey: Guid(6ca8c4e270f964e0da9f731d7d34b123) Importer(815301076,1909f56bfc062723c751e8b465ee728b)
Start importing Assets/Standard Assets/Environment using Guid(6ca8c4e270f964e0da9f731d7d34b123) Importer(815301076,1909f56bfc062723c751e8b465ee728b)  -> (artifact id: '68590199e877190c58d5b39b491140f8') in 0.006186 seconds 
  Import took 0.009093 seconds .

========================================================================
Received Import Request.
  Time since last request: 4.682553 seconds.
  path: Assets/Prefabs
  artifactKey: Guid(ca85e665ad1aeb94b9f9719f85aae455) Importer(815301076,1909f56bfc062723c751e8b465ee728b)
Start importing Assets/Prefabs using Guid(ca85e665ad1aeb94b9f9719f85aae455) Importer(815301076,1909f56bfc062723c751e8b465ee728b)  -> (artifact id: '523a1232db4e3e5e0b29e9d228bf073f') in 0.005428 seconds 
  Import took 0.008313 seconds .

========================================================================
Received Import Request.
  Time since last request: 6.927472 seconds.
  path: Assets/_TerrainAutoUpgrade/layer_browndirt-seamless2023054508611406.terrainlayer
  artifactKey: Guid(cf9a58039ef99ca47982aec0d73c01a4) Importer(815301076,1909f56bfc062723c751e8b465ee728b)
Start importing Assets/_TerrainAutoUpgrade/layer_browndirt-seamless2023054508611406.terrainlayer using Guid(cf9a58039ef99ca47982aec0d73c01a4) Importer(815301076,1909f56bfc062723c751e8b465ee728b)  -> (artifact id: '8b810116f99bbfdc89fc8ad3d3129097') in 0.172315 seconds 
  Import took 0.176283 seconds .

========================================================================
Received Import Request.
  Time since last request: 0.000222 seconds.
  path: Assets/Textures/browndirt-seamless.jpg
  artifactKey: Guid(814be7082a1d1e4418ce06f388b2abab) Importer(815301076,1909f56bfc062723c751e8b465ee728b)
Start importing Assets/Textures/browndirt-seamless.jpg using Guid(814be7082a1d1e4418ce06f388b2abab) Importer(815301076,1909f56bfc062723c751e8b465ee728b)  -> (artifact id: '44fd21cce9a2a24a152522b2d877ce92') in 0.028908 seconds 
  Import took 0.032285 seconds .

========================================================================
Received Import Request.
  Time since last request: 0.000213 seconds.
  path: Assets/_TerrainAutoUpgrade/layer_browndirt-seamless2023054508611406.terrainlayer
  artifactKey: Guid(cf9a58039ef99ca47982aec0d73c01a4) Importer(815301076,1909f56bfc062723c751e8b465ee728b)
Start importing Assets/_TerrainAutoUpgrade/layer_browndirt-seamless2023054508611406.terrainlayer using Guid(cf9a58039ef99ca47982aec0d73c01a4) Importer(815301076,1909f56bfc062723c751e8b465ee728b)  -> (artifact id: '8b810116f99bbfdc89fc8ad3d3129097') in 0.010058 seconds 
  Import took 0.012714 seconds .

